# JRE version: OpenJDK Runtime Environment Microsoft-8035246 (17.0.8+7) (build 17.0.8+7-LTS)
# Java VM: OpenJDK 64-Bit Server VM Microsoft-8035246 (17.0.8+7-LTS, mixed mode, sharing, tiered, compressed oops, compressed class ptrs, g1 gc, windows-amd64)
GC Precious Log:
 CPUs: 12 total, 12 available
 Memory: 6005M
 Large Page Support: Disabled
 NUMA Support: Disabled
 Compressed Oops: Enabled (32-bit)
 Heap Region Size: 1M
 Heap Min Capacity: 8M
 Heap Initial Capacity: 94M
 Heap Max Capacity: 1502M
 Pre-touch: Disabled
 Parallel Workers: 10
 Concurrent Workers: 3
 Concurrent Refinement Workers: 10
 Periodic GC: Disabled
Heap:
 garbage-first heap   total 135168K, used 82498K [0x00000000a2200000, 0x0000000100000000)
  region size 1024K, 4 young (4096K), 4 survivors (4096K)
 Metaspace       used 59647K, committed 59968K, reserved 1114112K
  class space    used 6871K, committed 7040K, reserved 1048576K
GC Heap History (20 events):
Event: 23.682 GC heap after
{Heap after GC invocations=15 (full 0):
 garbage-first heap   total 106496K, used 51197K [0x00000000a2200000, 0x0000000100000000)
  region size 1024K, 5 young (5120K), 5 survivors (5120K)
 Metaspace       used 51470K, committed 51776K, reserved 1114112K
  class space    used 6110K, committed 6272K, reserved 1048576K
}
Event: 24.825 GC heap before
{Heap before GC invocations=15 (full 0):
 garbage-first heap   total 106496K, used 80893K [0x00000000a2200000, 0x0000000100000000)
  region size 1024K, 34 young (34816K), 5 survivors (5120K)
 Metaspace       used 51989K, committed 52352K, reserved 1114112K
  class space    used 6171K, committed 6336K, reserved 1048576K
}
Event: 24.862 GC heap after
{Heap after GC invocations=16 (full 0):
 garbage-first heap   total 106496K, used 56829K [0x00000000a2200000, 0x0000000100000000)
  region size 1024K, 5 young (5120K), 5 survivors (5120K)
 Metaspace       used 51989K, committed 52352K, reserved 1114112K
  class space    used 6171K, committed 6336K, reserved 1048576K
}
Event: 25.681 GC heap before
{Heap before GC invocations=16 (full 0):
 garbage-first heap   total 106496K, used 81405K [0x00000000a2200000, 0x0000000100000000)
  region size 1024K, 30 young (30720K), 5 survivors (5120K)
 Metaspace       used 52688K, committed 52992K, reserved 1114112K
  class space    used 6258K, committed 6400K, reserved 1048576K
}
Event: 25.718 GC heap after
{Heap after GC invocations=17 (full 0):
 garbage-first heap   total 128000K, used 61440K [0x00000000a2200000, 0x0000000100000000)
  region size 1024K, 4 young (4096K), 4 survivors (4096K)
 Metaspace       used 52688K, committed 52992K, reserved 1114112K
  class space    used 6258K, committed 6400K, reserved 1048576K
}
Event: 26.796 GC heap before
{Heap before GC invocations=18 (full 0):
 garbage-first heap   total 128000K, used 97280K [0x00000000a2200000, 0x0000000100000000)
  region size 1024K, 39 young (39936K), 4 survivors (4096K)
 Metaspace       used 52738K, committed 53056K, reserved 1114112K
  class space    used 6263K, committed 6400K, reserved 1048576K
}
Event: 26.822 GC heap after
{Heap after GC invocations=19 (full 0):
 garbage-first heap   total 128000K, used 67941K [0x00000000a2200000, 0x0000000100000000)
  region size 1024K, 5 young (5120K), 5 survivors (5120K)
 Metaspace       used 52738K, committed 53056K, reserved 1114112K
  class space    used 6263K, committed 6400K, reserved 1048576K
}
Event: 27.580 GC heap before
{Heap before GC invocations=19 (full 0):
 garbage-first heap   total 128000K, used 98661K [0x00000000a2200000, 0x0000000100000000)
  region size 1024K, 35 young (35840K), 5 survivors (5120K)
 Metaspace       used 53489K, committed 53824K, reserved 1114112K
  class space    used 6340K, committed 6528K, reserved 1048576K
}
Event: 27.599 GC heap after
{Heap after GC invocations=20 (full 0):
 garbage-first heap   total 128000K, used 71246K [0x00000000a2200000, 0x0000000100000000)
  region size 1024K, 3 young (3072K), 3 survivors (3072K)
 Metaspace       used 53489K, committed 53824K, reserved 1114112K
  class space    used 6340K, committed 6528K, reserved 1048576K
}
Event: 27.950 GC heap before
{Heap before GC invocations=21 (full 0):
 garbage-first heap   total 130048K, used 100942K [0x00000000a2200000, 0x0000000100000000)
  region size 1024K, 32 young (32768K), 3 survivors (3072K)
 Metaspace       used 53580K, committed 53888K, reserved 1114112K
  class space    used 6343K, committed 6528K, reserved 1048576K
}
Event: 27.962 GC heap after
{Heap after GC invocations=22 (full 0):
 garbage-first heap   total 130048K, used 72738K [0x00000000a2200000, 0x0000000100000000)
  region size 1024K, 2 young (2048K), 2 survivors (2048K)
 Metaspace       used 53580K, committed 53888K, reserved 1114112K
  class space    used 6343K, committed 6528K, reserved 1048576K
}
Event: 28.056 GC heap before
{Heap before GC invocations=22 (full 0):
 garbage-first heap   total 130048K, used 76834K [0x00000000a2200000, 0x0000000100000000)
  region size 1024K, 6 young (6144K), 2 survivors (2048K)
 Metaspace       used 53628K, committed 53952K, reserved 1114112K
  class space    used 6343K, committed 6528K, reserved 1048576K
}
Event: 28.064 GC heap after
{Heap after GC invocations=23 (full 0):
 garbage-first heap   total 130048K, used 71977K [0x00000000a2200000, 0x0000000100000000)
  region size 1024K, 1 young (1024K), 1 survivors (1024K)
 Metaspace       used 53628K, committed 53952K, reserved 1114112K
  class space    used 6343K, committed 6528K, reserved 1048576K
}
Event: 30.118 GC heap before
{Heap before GC invocations=23 (full 0):
 garbage-first heap   total 130048K, used 97577K [0x00000000a2200000, 0x0000000100000000)
  region size 1024K, 27 young (27648K), 1 survivors (1024K)
 Metaspace       used 55845K, committed 56128K, reserved 1114112K
  class space    used 6558K, committed 6720K, reserved 1048576K
}
Event: 30.127 GC heap after
{Heap after GC invocations=24 (full 0):
 garbage-first heap   total 130048K, used 73968K [0x00000000a2200000, 0x0000000100000000)
  region size 1024K, 3 young (3072K), 3 survivors (3072K)
 Metaspace       used 55845K, committed 56128K, reserved 1114112K
  class space    used 6558K, committed 6720K, reserved 1048576K
}
Event: 31.564 GC heap before
{Heap before GC invocations=25 (full 0):
 garbage-first heap   total 135168K, used 105712K [0x00000000a2200000, 0x0000000100000000)
  region size 1024K, 33 young (33792K), 3 survivors (3072K)
 Metaspace       used 57432K, committed 57728K, reserved 1114112K
  class space    used 6683K, committed 6848K, reserved 1048576K
}
Event: 31.580 GC heap after
{Heap after GC invocations=26 (full 0):
 garbage-first heap   total 135168K, used 77770K [0x00000000a2200000, 0x0000000100000000)
  region size 1024K, 5 young (5120K), 5 survivors (5120K)
 Metaspace       used 57432K, committed 57728K, reserved 1114112K
  class space    used 6683K, committed 6848K, reserved 1048576K
}
Event: 31.621 GC heap before
{Heap before GC invocations=26 (full 0):
 garbage-first heap   total 135168K, used 78794K [0x00000000a2200000, 0x0000000100000000)
  region size 1024K, 6 young (6144K), 5 survivors (5120K)
 Metaspace       used 57445K, committed 57728K, reserved 1114112K
  class space    used 6683K, committed 6848K, reserved 1048576K
}
Event: 31.663 GC heap after
{Heap after GC invocations=27 (full 0):
 garbage-first heap   total 135168K, used 78089K [0x00000000a2200000, 0x0000000100000000)
  region size 1024K, 1 young (1024K), 1 survivors (1024K)
 Metaspace       used 57445K, committed 57728K, reserved 1114112K
  class space    used 6683K, committed 6848K, reserved 1048576K
}
Event: 33.947 GC heap before
{Heap before GC invocations=27 (full 0):
 garbage-first heap   total 135168K, used 109833K [0x00000000a2200000, 0x0000000100000000)
  region size 1024K, 32 young (32768K), 1 survivors (1024K)
 Metaspace       used 59647K, committed 59968K, reserved 1114112K
  class space    used 6871K, committed 7040K, reserved 1048576K
}

